\BOOKMARK [1][-]{section.1}{The Liberal Arts Tradition}{}% 1
\BOOKMARK [1][-]{section.2}{The Academy}{}% 2
\BOOKMARK [1][-]{section.3}{The Birth of Meme Culture}{}% 3
\BOOKMARK [2][-]{subsection.3.1}{Social Media and Meme Replication}{section.3}% 4
\BOOKMARK [2][-]{subsection.3.2}{When Meme Becomes Culture}{section.3}% 5
\BOOKMARK [1][-]{section.4}{On the Nature of Meme Culture}{}% 6
\BOOKMARK [2][-]{subsection.4.1}{Irrational Rage}{section.4}% 7
\BOOKMARK [2][-]{subsection.4.2}{Self-Debasement and Self-Deprecation}{section.4}% 8
\BOOKMARK [2][-]{subsection.4.3}{Sarcasm}{section.4}% 9
\BOOKMARK [2][-]{subsection.4.4}{Irony and Boredom}{section.4}% 10
\BOOKMARK [2][-]{subsection.4.5}{Confusion and Apathy}{section.4}% 11
\BOOKMARK [1][-]{section.5}{Postmodernism}{}% 12
\BOOKMARK [2][-]{subsection.5.1}{Thriving Cynicism}{section.5}% 13
\BOOKMARK [2][-]{subsection.5.2}{Relationships to Meme Culture}{section.5}% 14
\BOOKMARK [1][-]{section.6}{Postmodernism Subsumes the Liberal Arts}{}% 15
\BOOKMARK [2][-]{subsection.6.1}{The ``Isms" of Postmodernism}{section.6}% 16
\BOOKMARK [2][-]{subsection.6.2}{Truth}{section.6}% 17
\BOOKMARK [1][-]{section.7}{The Decline and Fall of the Liberal Arts Education}{}% 18
\BOOKMARK [2][-]{subsection.7.1}{The Arbiters of Excellence}{section.7}% 19
\BOOKMARK [2][-]{subsection.7.2}{Disconnect with Humanity}{section.7}% 20
\BOOKMARK [2][-]{subsection.7.3}{Standards of Beauty}{section.7}% 21
\BOOKMARK [1][-]{section.8}{The Academy}{}% 22
\BOOKMARK [1][-]{section.9}{Beauty}{}% 23
\BOOKMARK [1][-]{section.10}{The Liberal Arts Tradition}{}% 24
\BOOKMARK [1][-]{section.11}{The Internet Meme Culture}{}% 25
\BOOKMARK [1][-]{section.12}{A Time of Recruiting}{}% 26
\BOOKMARK [1][-]{section.13}{Asian Culture}{}% 27
\BOOKMARK [1][-]{section.14}{Shakespeare and the Humanities}{}% 28
\BOOKMARK [1][-]{section.15}{The Post-War Asian Culture}{}% 29
\BOOKMARK [1][-]{section.16}{The Academy}{}% 30
\BOOKMARK [1][-]{section.17}{Sun Tzu: The Art of War}{}% 31
\BOOKMARK [1][-]{section.18}{Youth and Self}{}% 32
\BOOKMARK [1][-]{section.19}{Relationships}{}% 33
\BOOKMARK [1][-]{section.20}{Individualism and Self-Reliance}{}% 34
\BOOKMARK [1][-]{section.21}{Work and Family}{}% 35
\BOOKMARK [1][-]{section.22}{Romance}{}% 36
\BOOKMARK [1][-]{section.23}{Relationship between is and ought}{}% 37
\BOOKMARK [1][-]{section.24}{Reclaiming Humanity, the Liberal Arts, and the Conduct of Life}{}% 38
\BOOKMARK [1][-]{section.25}{Principles}{}% 39
\BOOKMARK [1][-]{section.26}{What we ought to do}{}% 40
\BOOKMARK [1][-]{section.27}{Liberal Arts}{}% 41
